2003.10.24 16:12 B c:\cormen\cd\clrs2e\Activity.java <-- eppg /cormen/clrs2e Activity.java
2003.10.24 16:12 B c:\cormen\cd\clrs2e\ActivitySelector.java <-- eppg /cormen/clrs2e ActivitySelector.java
2003.10.24 16:12 B c:\cormen\cd\clrs2e\AdjacencyListGraph.java <-- eppg /cormen/clrs2e AdjacencyListGraph.java
2003.10.24 16:12 B c:\cormen\cd\clrs2e\AdjacencyMatrixGraph.java <-- eppg /cormen/clrs2e AdjacencyMatrixGraph.java
2003.10.24 16:12 B c:\cormen\cd\clrs2e\AllPairsShortestPaths.java <-- eppg /cormen/clrs2e AllPairsShortestPaths.java
2003.10.24 16:12 B c:\cormen\cd\clrs2e\APSPMatrixMult.java <-- eppg /cormen/clrs2e APSPMatrixMult.java
2003.10.24 16:12 B c:\cormen\cd\clrs2e\AssemblyLine.java <-- eppg /cormen/clrs2e AssemblyLine.java
2003.10.24 16:12 B c:\cormen\cd\clrs2e\BellmanFord.java <-- eppg /cormen/clrs2e BellmanFord.java
2003.10.24 16:12 B c:\cormen\cd\clrs2e\BFS.java <-- eppg /cormen/clrs2e BFS.java
2003.10.24 16:12 B c:\cormen\cd\clrs2e\BFSInfo.java <-- eppg /cormen/clrs2e BFSInfo.java
2003.10.24 16:12 B c:\cormen\cd\clrs2e\BinarySearchTree.java <-- eppg /cormen/clrs2e BinarySearchTree.java
2003.10.24 16:12 B c:\cormen\cd\clrs2e\BinomialHeap.java <-- eppg /cormen/clrs2e BinomialHeap.java
2003.10.24 16:12 B c:\cormen\cd\clrs2e\BTree.java <-- eppg /cormen/clrs2e BTree.java
2003.10.24 16:12 B c:\cormen\cd\clrs2e\BucketSort.java <-- eppg /cormen/clrs2e BucketSort.java
2003.10.24 16:12 B c:\cormen\cd\clrs2e\ChainedHashTable.java <-- eppg /cormen/clrs2e ChainedHashTable.java
2003.10.24 16:12 B c:\cormen\cd\clrs2e\clrs2e.zip <-- eppg /cormen/clrs2e clrs2e.zip
2003.10.24 16:12 B c:\cormen\cd\clrs2e\ConnectedComponents.java <-- eppg /cormen/clrs2e ConnectedComponents.java
2003.10.24 16:12 B c:\cormen\cd\clrs2e\CountingSort.java <-- eppg /cormen/clrs2e CountingSort.java
2003.10.24 16:12 B c:\cormen\cd\clrs2e\DAGShortestPaths.java <-- eppg /cormen/clrs2e DAGShortestPaths.java
2003.10.24 16:12 B c:\cormen\cd\clrs2e\DeleteSentinelException.java <-- eppg /cormen/clrs2e DeleteSentinelException.java
2003.10.24 16:12 B c:\cormen\cd\clrs2e\DeterministicSelect.java <-- eppg /cormen/clrs2e DeterministicSelect.java
2003.10.24 16:12 B c:\cormen\cd\clrs2e\DFS.java <-- eppg /cormen/clrs2e DFS.java
2003.10.24 16:13 B c:\cormen\cd\clrs2e\DFSInfo.java <-- eppg /cormen/clrs2e DFSInfo.java
2003.10.24 16:13 B c:\cormen\cd\clrs2e\Dictionary.java <-- eppg /cormen/clrs2e Dictionary.java
2003.10.24 16:13 B c:\cormen\cd\clrs2e\DifferenceConstraints.java <-- eppg /cormen/clrs2e DifferenceConstraints.java
2003.10.24 16:13 B c:\cormen\cd\clrs2e\Dijkstra.java <-- eppg /cormen/clrs2e Dijkstra.java
2003.10.24 16:13 B c:\cormen\cd\clrs2e\DirectAddressTable.java <-- eppg /cormen/clrs2e DirectAddressTable.java
2003.10.24 16:13 B c:\cormen\cd\clrs2e\DisjointSetForest.java <-- eppg /cormen/clrs2e DisjointSetForest.java
2003.10.24 16:13 B c:\cormen\cd\clrs2e\DisjointSetLinkedList.java <-- eppg /cormen/clrs2e DisjointSetLinkedList.java
2003.10.24 16:13 B c:\cormen\cd\clrs2e\DisjointSetUnion.java <-- eppg /cormen/clrs2e DisjointSetUnion.java
2003.10.24 16:13 B c:\cormen\cd\clrs2e\DoubleHashingHashTable.java <-- eppg /cormen/clrs2e DoubleHashingHashTable.java
2003.10.24 16:13 B c:\cormen\cd\clrs2e\DoubleValued.java <-- eppg /cormen/clrs2e DoubleValued.java
2003.10.24 16:13 B c:\cormen\cd\clrs2e\DynamicSetElement.java <-- eppg /cormen/clrs2e DynamicSetElement.java
2003.10.24 16:13 B c:\cormen\cd\clrs2e\EdmondsKarp.java <-- eppg /cormen/clrs2e EdmondsKarp.java
2003.10.24 16:13 B c:\cormen\cd\clrs2e\FasterAllPairsShortestPaths.java <-- eppg /cormen/clrs2e FasterAllPairsShortestPaths.java
2003.10.24 16:13 B c:\cormen\cd\clrs2e\FibHeap.java <-- eppg /cormen/clrs2e FibHeap.java
2003.10.24 16:13 B c:\cormen\cd\clrs2e\FlowNetwork.java <-- eppg /cormen/clrs2e FlowNetwork.java
2003.10.24 16:13 B c:\cormen\cd\clrs2e\FlowNetworkEdgeIterator.java <-- eppg /cormen/clrs2e FlowNetworkEdgeIterator.java
2003.10.24 16:13 B c:\cormen\cd\clrs2e\FloydWarshall.java <-- eppg /cormen/clrs2e FloydWarshall.java
2003.10.24 16:13 B c:\cormen\cd\clrs2e\Graph.java <-- eppg /cormen/clrs2e Graph.java
2003.10.24 16:13 B c:\cormen\cd\clrs2e\GreedyActivitySelector.java <-- eppg /cormen/clrs2e GreedyActivitySelector.java
2003.10.24 16:13 B c:\cormen\cd\clrs2e\HashTableOverflow.java <-- eppg /cormen/clrs2e HashTableOverflow.java
2003.10.24 16:13 B c:\cormen\cd\clrs2e\Heap.java <-- eppg /cormen/clrs2e Heap.java
2003.10.24 16:13 B c:\cormen\cd\clrs2e\Heapsort.java <-- eppg /cormen/clrs2e Heapsort.java
2003.10.24 16:13 B c:\cormen\cd\clrs2e\HeapUnderflowException.java <-- eppg /cormen/clrs2e HeapUnderflowException.java
2003.10.24 16:13 B c:\cormen\cd\clrs2e\Huffman.java <-- eppg /cormen/clrs2e Huffman.java
2003.10.24 16:13 B c:\cormen\cd\clrs2e\index.html <-- eppg /cormen/clrs2e index.html
2003.10.24 16:13 B c:\cormen\cd\clrs2e\InsertionSort.java <-- eppg /cormen/clrs2e InsertionSort.java
2003.10.24 16:13 B c:\cormen\cd\clrs2e\Interval.java <-- eppg /cormen/clrs2e Interval.java
2003.10.24 16:13 B c:\cormen\cd\clrs2e\IntervalTree.java <-- eppg /cormen/clrs2e IntervalTree.java
2003.10.24 16:13 B c:\cormen\cd\clrs2e\Johnson.java <-- eppg /cormen/clrs2e Johnson.java
2003.10.24 16:13 B c:\cormen\cd\clrs2e\KeyUpdateException.java <-- eppg /cormen/clrs2e KeyUpdateException.java
2003.10.24 16:13 B c:\cormen\cd\clrs2e\Kruskal.java <-- eppg /cormen/clrs2e Kruskal.java
2003.10.24 16:13 B c:\cormen\cd\clrs2e\LinearDLL.java <-- eppg /cormen/clrs2e LinearDLL.java
2003.10.24 16:13 B c:\cormen\cd\clrs2e\LinearDLLDictionary.java <-- eppg /cormen/clrs2e LinearDLLDictionary.java
2003.10.24 16:13 B c:\cormen\cd\clrs2e\LinearProbingHashTable.java <-- eppg /cormen/clrs2e LinearProbingHashTable.java
2003.10.24 16:13 B c:\cormen\cd\clrs2e\LinkedList.java <-- eppg /cormen/clrs2e LinkedList.java
2003.10.24 16:13 B c:\cormen\cd\clrs2e\LongestCommonSubsequence.java <-- eppg /cormen/clrs2e LongestCommonSubsequence.java
2003.10.24 16:13 B c:\cormen\cd\clrs2e\MatrixChainMultiply.java <-- eppg /cormen/clrs2e MatrixChainMultiply.java
2003.10.24 16:13 B c:\cormen\cd\clrs2e\MaxFlow.java <-- eppg /cormen/clrs2e MaxFlow.java
2003.10.24 16:13 B c:\cormen\cd\clrs2e\MaxHeap.java <-- eppg /cormen/clrs2e MaxHeap.java
2003.10.24 16:13 B c:\cormen\cd\clrs2e\MaxHeapPriorityQueue.java <-- eppg /cormen/clrs2e MaxHeapPriorityQueue.java
2003.10.24 16:13 B c:\cormen\cd\clrs2e\MaxPriorityQueue.java <-- eppg /cormen/clrs2e MaxPriorityQueue.java
2003.10.24 16:13 B c:\cormen\cd\clrs2e\MergeableHeap.java <-- eppg /cormen/clrs2e MergeableHeap.java
2003.10.24 16:13 B c:\cormen\cd\clrs2e\MergeSort.java <-- eppg /cormen/clrs2e MergeSort.java
2003.10.24 16:13 B c:\cormen\cd\clrs2e\MinHeap.java <-- eppg /cormen/clrs2e MinHeap.java
2003.10.24 16:13 B c:\cormen\cd\clrs2e\MinHeapPriorityQueue.java <-- eppg /cormen/clrs2e MinHeapPriorityQueue.java
2003.10.24 16:13 B c:\cormen\cd\clrs2e\MinMax.java <-- eppg /cormen/clrs2e MinMax.java
2003.10.24 16:13 B c:\cormen\cd\clrs2e\MinPriorityQueue.java <-- eppg /cormen/clrs2e MinPriorityQueue.java
2003.10.24 16:13 B c:\cormen\cd\clrs2e\MST.java <-- eppg /cormen/clrs2e MST.java
2003.10.24 16:13 B c:\cormen\cd\clrs2e\MultiplicationMethod.java <-- eppg /cormen/clrs2e MultiplicationMethod.java
2003.10.24 16:13 B c:\cormen\cd\clrs2e\NegativeIntegerException.java <-- eppg /cormen/clrs2e NegativeIntegerException.java
2003.10.24 16:13 B c:\cormen\cd\clrs2e\NonNegativeInteger.java <-- eppg /cormen/clrs2e NonNegativeInteger.java
2003.10.24 16:13 B c:\cormen\cd\clrs2e\OpenAddressingHashTable.java <-- eppg /cormen/clrs2e OpenAddressingHashTable.java
2003.10.24 16:13 B c:\cormen\cd\clrs2e\OptimalBinarySearchTree.java <-- eppg /cormen/clrs2e OptimalBinarySearchTree.java
2003.10.24 16:13 B c:\cormen\cd\clrs2e\OrderStatistics.java <-- eppg /cormen/clrs2e OrderStatistics.java
2003.10.24 16:13 B c:\cormen\cd\clrs2e\OrderStatisticTree.java <-- eppg /cormen/clrs2e OrderStatisticTree.java
2003.10.24 16:13 B c:\cormen\cd\clrs2e\Partitioner.java <-- eppg /cormen/clrs2e Partitioner.java
2003.10.24 16:13 B c:\cormen\cd\clrs2e\Prim.java <-- eppg /cormen/clrs2e Prim.java
2003.10.24 16:13 B c:\cormen\cd\clrs2e\QuadraticProbingHashTable.java <-- eppg /cormen/clrs2e QuadraticProbingHashTable.java
2003.10.24 16:13 B c:\cormen\cd\clrs2e\Queue.java <-- eppg /cormen/clrs2e Queue.java
2003.10.24 16:13 B c:\cormen\cd\clrs2e\QueueArray.java <-- eppg /cormen/clrs2e QueueArray.java
2003.10.24 16:13 B c:\cormen\cd\clrs2e\QueueList.java <-- eppg /cormen/clrs2e QueueList.java
2003.10.24 16:13 B c:\cormen\cd\clrs2e\Quicksort.java <-- eppg /cormen/clrs2e Quicksort.java
2003.10.24 16:13 B c:\cormen\cd\clrs2e\RadixSort.java <-- eppg /cormen/clrs2e RadixSort.java
2003.10.24 16:13 B c:\cormen\cd\clrs2e\RandomizedPartitioner.java <-- eppg /cormen/clrs2e RandomizedPartitioner.java
2003.10.24 16:13 B c:\cormen\cd\clrs2e\RandomizedQuicksort.java <-- eppg /cormen/clrs2e RandomizedQuicksort.java
2003.10.24 16:13 B c:\cormen\cd\clrs2e\RandomizedSelect.java <-- eppg /cormen/clrs2e RandomizedSelect.java
2003.10.24 16:13 B c:\cormen\cd\clrs2e\RecursiveActivitySelector.java <-- eppg /cormen/clrs2e RecursiveActivitySelector.java
2003.10.24 16:13 B c:\cormen\cd\clrs2e\RedBlackTree.java <-- eppg /cormen/clrs2e RedBlackTree.java
2003.10.24 16:13 B c:\cormen\cd\clrs2e\SCC.java <-- eppg /cormen/clrs2e SCC.java
2003.10.24 16:13 B c:\cormen\cd\clrs2e\SentinelDLL.java <-- eppg /cormen/clrs2e SentinelDLL.java
2003.10.24 16:13 B c:\cormen\cd\clrs2e\SentinelDLLDictionary.java <-- eppg /cormen/clrs2e SentinelDLLDictionary.java
2003.10.24 16:13 B c:\cormen\cd\clrs2e\ShortestPathInfo.java <-- eppg /cormen/clrs2e ShortestPathInfo.java
2003.10.24 16:13 B c:\cormen\cd\clrs2e\SingleSourceShortestPaths.java <-- eppg /cormen/clrs2e SingleSourceShortestPaths.java
2003.10.24 16:13 B c:\cormen\cd\clrs2e\SlowAllPairsShortestPaths.java <-- eppg /cormen/clrs2e SlowAllPairsShortestPaths.java
2003.10.24 16:13 B c:\cormen\cd\clrs2e\SortableSentinelDLL.java <-- eppg /cormen/clrs2e SortableSentinelDLL.java
2003.10.24 16:13 B c:\cormen\cd\clrs2e\Sorter.java <-- eppg /cormen/clrs2e Sorter.java
2003.10.24 16:13 B c:\cormen\cd\clrs2e\Stack.java <-- eppg /cormen/clrs2e Stack.java
2003.10.24 16:13 B c:\cormen\cd\clrs2e\StackArray.java <-- eppg /cormen/clrs2e StackArray.java
2003.10.24 16:13 B c:\cormen\cd\clrs2e\StackUnderflowException.java <-- eppg /cormen/clrs2e StackUnderflowException.java
2003.10.24 16:13 B c:\cormen\cd\clrs2e\TopoSort.java <-- eppg /cormen/clrs2e TopoSort.java
2003.10.24 16:13 B c:\cormen\cd\clrs2e\Vertex.java <-- eppg /cormen/clrs2e Vertex.java
2003.10.24 16:13 B c:\cormen\cd\clrs2e\WeightedAdjacencyListGraph.java <-- eppg /cormen/clrs2e WeightedAdjacencyListGraph.java
2003.10.24 16:13 B c:\cormen\cd\clrs2e\WeightedAdjacencyMatrixGraph.java <-- eppg /cormen/clrs2e WeightedAdjacencyMatrixGraph.java
2003.10.24 16:13 B c:\cormen\cd\clrs2e\WeightedEdgeIterator.java <-- eppg /cormen/clrs2e WeightedEdgeIterator.java
